Arguments: 
  C:\Program Files\nodejs\node.exe C:\Users\jinxiaoman\AppData\Roaming\npm\node_modules\yarn\bin\yarn.js install

PATH: 
  C:\Program Files\Git\mingw64\bin;C:\Program Files\Git\usr\bin;C:\Users\jinxiaoman\bin;C:\Program Files (x86)\Common Files\Oracle\Java\javapath;C:\ProgramData\Oracle\Java\javapath;C:\WINDOWS\system32;C:\WINDOWS;C:\WINDOWS\System32\Wbem;C:\WINDOWS\System32\WindowsPowerShell\v1.0;C:\WINDOWS\System32\OpenSSH;C:\Program Files\Java\jdk1.8.0_161\bin;C:\Program Files\Java\jdk1.8.0_161\jre\bin;D:\home\workTool\apache-maven-3.5.3-bin\apache-maven-3.5.3\bin;C:\Program Files\Git\cmd;C:\Program Files\TortoiseSVN\bin;C:\Users\jinxiaoman\AppData\Roaming\nvm;C:\Program Files\nodejs;C:\Program Files\MySQL\bin;D:\Download\ngrok;C:\Program Files\nodejs;C:\Users\jinxiaoman\AppData\Local\Programs\Python\Python39\Scripts;C:\Users\jinxiaoman\AppData\Local\Programs\Python\Python39;C:\Users\jinxiaoman\AppData\Local\Microsoft\WindowsApps;C:\Users\jinxiaoman\AppData\Local\Programs\Microsoft VS Code\bin;D:\cmder;C:\Users\jinxiaoman\AppData\Local\Programs\Fiddler;D:\Download\ngrok.exe;C:\Users\jinxiaoman\AppData\Roaming\npm

Yarn version: 
  1.22.10

Node version: 
  12.22.1

Platform: 
  win32 x64

Trace: 
  Error: http://10.2.211.32:8888/vuepress-plugin-comment: socket hang up
      at connResetException (internal/errors.js:609:14)
      at Socket.socketOnEnd (_http_client.js:458:23)
      at Socket.emit (events.js:326:22)
      at endReadableNT (_stream_readable.js:1241:12)
      at processTicksAndRejections (internal/process/task_queues.js:84:21)

npm manifest: 
  {
    "name": "theme-vdoing-blog",
    "version": "1.0.0",
    "scripts": {
      "dev": "vuepress dev docs",
      "build": "vuepress build docs",
      "deploy": "bash deploy.sh",
      "editFm": "node utils/editFrontmatter.js",
      "baiduPush": "node utils/baiduPush.js https://xugaoyi.com && bash baiduPush.sh",
      "publish": "cd ./theme-vdoing && npm publish && cd ../ && npm run updateTheme",
      "updateTheme": "npm uninstall vuepress-theme-vdoing && rm -rf node_modules && npm i && npm i vuepress-theme-vdoing -D"
    },
    "license": "MIT",
    "devDependencies": {
      "dayjs": "^1.9.7",
      "inquirer": "^7.1.0",
      "json2yaml": "^1.1.0",
      "vuepress": "1.8.0",
      "vuepress-plugin-baidu-autopush": "^1.0.1",
      "vuepress-plugin-baidu-tongji": "^1.0.1",
      "vuepress-plugin-demo-block": "^0.7.2",
      "vuepress-plugin-one-click-copy": "^1.0.2",
      "vuepress-plugin-thirdparty-search": "^1.0.2",
      "vuepress-plugin-zooming": "^1.1.7",
      "vuepress-theme-vdoing": "^1.8.3",
      "yamljs": "^0.3.0"
    },
    "dependencies": {
      "vuepress-plugin-comment": "^0.7.3"
    }
  }

yarn manifest: 
  No manifest

Lockfile: 
  No lockfile
